TN:
SF:src\components\ui\Table.tsx
FN:24,Table
FN:37,(anonymous_1)
FN:59,(anonymous_2)
FN:62,(anonymous_3)
FN:69,(anonymous_4)
FN:87,(anonymous_5)
FN:92,(anonymous_6)
FN:94,(anonymous_7)
FN:100,(anonymous_8)
FN:111,(anonymous_9)
FN:115,(anonymous_10)
FN:118,(anonymous_11)
FN:138,(anonymous_12)
FN:150,(anonymous_13)
FNF:14
FNH:11
FNDA:3,Table
FNDA:9,(anonymous_1)
FNDA:6,(anonymous_2)
FNDA:0,(anonymous_3)
FNDA:18,(anonymous_4)
FNDA:2,(anonymous_5)
FNDA:0,(anonymous_6)
FNDA:6,(anonymous_7)
FNDA:6,(anonymous_8)
FNDA:4,(anonymous_9)
FNDA:1,(anonymous_10)
FNDA:0,(anonymous_11)
FNDA:4,(anonymous_12)
FNDA:4,(anonymous_13)
DA:33,3
DA:38,9
DA:60,6
DA:62,0
DA:70,18
DA:85,3
DA:87,2
DA:88,2
DA:89,0
DA:91,2
DA:92,0
DA:94,3
DA:96,6
DA:100,3
DA:101,6
DA:105,3
DA:112,4
DA:115,1
DA:119,0
DA:120,0
DA:121,0
DA:139,4
DA:151,4
DA:164,3
LF:24
LH:18
BRDA:29,0,0,3
BRDA:41,1,0,9
BRDA:41,1,1,9
BRDA:49,2,0,0
BRDA:49,2,1,3
BRDA:62,3,0,0
BRDA:62,3,1,4
BRDA:64,4,0,2
BRDA:64,4,1,4
BRDA:72,5,0,18
BRDA:72,5,1,18
BRDA:85,6,0,1
BRDA:85,6,1,2
BRDA:88,7,0,0
BRDA:88,7,1,2
BRDA:88,8,0,2
BRDA:88,8,1,2
BRDA:91,9,0,0
BRDA:91,9,1,2
BRDA:96,10,0,6
BRDA:96,10,1,4
BRDA:96,10,2,4
BRDA:101,11,0,6
BRDA:101,11,1,2
BRDA:106,12,0,0
BRDA:106,12,1,2
BRDA:115,13,0,1
BRDA:115,13,1,2
BRDA:116,14,0,2
BRDA:116,14,1,2
BRDA:117,15,0,2
BRDA:117,15,1,2
BRDA:118,16,0,0
BRDA:118,16,1,2
BRDA:119,17,0,0
BRDA:119,17,1,0
BRDA:119,18,0,0
BRDA:119,18,1,0
BRDA:125,19,0,2
BRDA:125,19,1,2
BRDA:134,20,0,4
BRDA:134,20,1,0
BRDA:136,21,0,4
BRDA:136,21,1,4
BRF:44
BRH:33
end_of_record
TN:
SF:src\lib\auth.ts
FN:4,getAccessToken
FN:8,getRefreshToken
FN:12,setTokens
FN:17,clearTokens
FN:22,decodeJwtPayload
FN:33,isSafeRedirect
FN:37,isTokenExpired
FNF:7
FNH:7
FNDA:3,getAccessToken
FNDA:3,getRefreshToken
FNDA:2,setTokens
FNDA:1,clearTokens
FNDA:6,decodeJwtPayload
FNDA:8,isSafeRedirect
FNDA:3,isTokenExpired
DA:1,1
DA:2,1
DA:5,3
DA:9,3
DA:13,2
DA:14,2
DA:18,1
DA:19,1
DA:23,6
DA:24,6
DA:25,4
DA:26,4
DA:30,4
DA:34,8
DA:38,3
DA:39,3
DA:40,3
DA:42,1
LF:18
LH:18
BRDA:24,0,0,2
BRDA:24,0,1,4
BRDA:34,1,0,8
BRDA:34,1,1,7
BRDA:34,1,2,6
BRDA:34,1,3,4
BRF:6
BRH:6
end_of_record
